<?xml version="1.0" encoding="UTF-8"?>
<testng-results skipped="0" failed="0" total="1" passed="1">
  <reporter-output>
  </reporter-output>
  <suite name="Default suite" duration-ms="25242" started-at="2017-02-21T11:29:34Z" finished-at="2017-02-21T11:29:59Z">
    <groups>
    </groups>
    <test name="Default test" duration-ms="25242" started-at="2017-02-21T11:29:34Z" finished-at="2017-02-21T11:29:59Z">
      <class name="test.AncestorInXpath">
        <test-method status="PASS" signature="testAncestorInXpath()[pri:0, instance:test.AncestorInXpath@17e4be04]" name="testAncestorInXpath" duration-ms="25207" started-at="2017-02-21T16:59:34Z" finished-at="2017-02-21T16:59:59Z">
          <reporter-output>
          </reporter-output>
        </test-method> <!-- testAncestorInXpath -->
      </class> <!-- test.AncestorInXpath -->
    </test> <!-- Default test -->
  </suite> <!-- Default suite -->
</testng-results>
