<?xml version="1.0" encoding="UTF-8"?>
<testng-results skipped="5" failed="0" total="5" passed="0">
  <reporter-output>
  </reporter-output>
  <suite name="Default suite" duration-ms="207" started-at="2014-09-15T06:24:29Z" finished-at="2014-09-15T06:24:29Z">
    <groups>
    </groups>
    <test name="Default test" duration-ms="207" started-at="2014-09-15T06:24:29Z" finished-at="2014-09-15T06:24:29Z">
      <class name="alerts.AlertsExerciseTest">
        <test-method status="FAIL" signature="refreshPageAndVerifyLoad()[pri:0, instance:alerts.AlertsExerciseTest@2e78d8ac]" name="refreshPageAndVerifyLoad" is-config="true" duration-ms="0" started-at="2014-09-15T11:54:29Z" finished-at="2014-09-15T11:54:29Z">
          <exception class="java.lang.NullPointerException">
            <full-stacktrace>
              <![CDATA[java.lang.NullPointerException
	at alerts.AlertsExerciseTest.refreshPageAndVerifyLoad(AlertsExerciseTest.java:51)
	at sun.reflect.NativeMethodAccessorImpl.invoke0(Native Method)
	at sun.reflect.NativeMethodAccessorImpl.invoke(NativeMethodAccessorImpl.java:57)
	at sun.reflect.DelegatingMethodAccessorImpl.invoke(DelegatingMethodAccessorImpl.java:43)
	at java.lang.reflect.Method.invoke(Method.java:606)
	at org.testng.internal.MethodInvocationHelper.invokeMethod(MethodInvocationHelper.java:84)
	at org.testng.internal.Invoker.invokeConfigurationMethod(Invoker.java:564)
	at org.testng.internal.Invoker.invokeConfigurations(Invoker.java:213)
	at org.testng.internal.Invoker.invokeConfigurations(Invoker.java:138)
	at org.testng.internal.TestMethodWorker.invokeBeforeClassMethods(TestMethodWorker.java:175)
	at org.testng.internal.TestMethodWorker.run(TestMethodWorker.java:107)
	at org.testng.TestRunner.privateRun(TestRunner.java:767)
	at org.testng.TestRunner.run(TestRunner.java:617)
	at org.testng.SuiteRunner.runTest(SuiteRunner.java:335)
	at org.testng.SuiteRunner.runSequentially(SuiteRunner.java:330)
	at org.testng.SuiteRunner.privateRun(SuiteRunner.java:291)
	at org.testng.SuiteRunner.run(SuiteRunner.java:240)
	at org.testng.SuiteRunnerWorker.runSuite(SuiteRunnerWorker.java:52)
	at org.testng.SuiteRunnerWorker.run(SuiteRunnerWorker.java:86)
	at org.testng.TestNG.runSuitesSequentially(TestNG.java:1224)
	at org.testng.TestNG.runSuitesLocally(TestNG.java:1149)
	at org.testng.TestNG.run(TestNG.java:1057)
	at org.testng.remote.RemoteTestNG.run(RemoteTestNG.java:111)
	at org.testng.remote.RemoteTestNG.initAndRun(RemoteTestNG.java:204)
	at org.testng.remote.RemoteTestNG.main(RemoteTestNG.java:175)
]]>
            </full-stacktrace>
          </exception> <!-- java.lang.NullPointerException -->
          <reporter-output>
          </reporter-output>
        </test-method> <!-- refreshPageAndVerifyLoad -->
        <test-method status="SKIP" signature="startFF()[pri:0, instance:alerts.AlertsExerciseTest@2e78d8ac]" name="startFF" is-config="true" duration-ms="0" started-at="2014-09-15T11:54:29Z" finished-at="2014-09-15T11:54:29Z">
          <reporter-output>
          </reporter-output>
        </test-method> <!-- startFF -->
        <test-method status="SKIP" signature="confirmAlertTestCancel()[pri:0, instance:alerts.AlertsExerciseTest@2e78d8ac]" name="confirmAlertTestCancel" duration-ms="2" started-at="2014-09-15T11:54:29Z" finished-at="2014-09-15T11:54:29Z">
          <reporter-output>
          </reporter-output>
        </test-method> <!-- confirmAlertTestCancel -->
        <test-method status="SKIP" signature="confirmAlertTestOK()[pri:0, instance:alerts.AlertsExerciseTest@2e78d8ac]" name="confirmAlertTestOK" duration-ms="4" started-at="2014-09-15T11:54:29Z" finished-at="2014-09-15T11:54:29Z">
          <reporter-output>
          </reporter-output>
        </test-method> <!-- confirmAlertTestOK -->
        <test-method status="SKIP" signature="plainAlertTest()[pri:0, instance:alerts.AlertsExerciseTest@2e78d8ac]" name="plainAlertTest" duration-ms="2" started-at="2014-09-15T11:54:29Z" finished-at="2014-09-15T11:54:29Z">
          <reporter-output>
          </reporter-output>
        </test-method> <!-- plainAlertTest -->
        <test-method status="SKIP" signature="promptAlertTestCancel()[pri:0, instance:alerts.AlertsExerciseTest@2e78d8ac]" name="promptAlertTestCancel" duration-ms="2" started-at="2014-09-15T11:54:29Z" finished-at="2014-09-15T11:54:29Z">
          <reporter-output>
          </reporter-output>
        </test-method> <!-- promptAlertTestCancel -->
        <test-method status="SKIP" signature="promptAlertTestOK()[pri:0, instance:alerts.AlertsExerciseTest@2e78d8ac]" name="promptAlertTestOK" duration-ms="2" started-at="2014-09-15T11:54:29Z" finished-at="2014-09-15T11:54:29Z">
          <reporter-output>
          </reporter-output>
        </test-method> <!-- promptAlertTestOK -->
        <test-method status="SKIP" signature="stopFF()[pri:0, instance:alerts.AlertsExerciseTest@2e78d8ac]" name="stopFF" is-config="true" duration-ms="0" started-at="2014-09-15T11:54:29Z" finished-at="2014-09-15T11:54:29Z">
          <reporter-output>
          </reporter-output>
        </test-method> <!-- stopFF -->
      </class> <!-- alerts.AlertsExerciseTest -->
    </test> <!-- Default test -->
  </suite> <!-- Default suite -->
</testng-results>
